[3_12_2016_0:22:21] {SEVERE} HORARISCOMMAND - org.telegram.telegrambots.exceptions.TelegramApiRequestException: Error sending message: [400] Bad Request: Can't parse inline keyboard button: Text buttons are unallowed in the inline keyboard
	at org.telegram.telegrambots.api.methods.send.SendMessage.deserializeResponse(SendMessage.java:163)
	at org.telegram.telegrambots.api.methods.send.SendMessage.deserializeResponse(SendMessage.java:23)
	at org.telegram.telegrambots.bots.DefaultAbsSender.sendApiMethod(DefaultAbsSender.java:678)
	at org.telegram.telegrambots.bots.AbsSender.sendMessage(AbsSender.java:66)
	at commands.HorarisCommand.execute(HorarisCommand.java:51)
	at org.telegram.telegrambots.bots.commands.CommandRegistry.executeCommand(CommandRegistry.java:106)
	at org.telegram.telegrambots.bots.TelegramLongPollingCommandBot.onUpdateReceived(TelegramLongPollingCommandBot.java:58)
	at org.telegram.telegrambots.updatesreceivers.DefaultBotSession$HandlerThread.run(DefaultBotSession.java:241)
[4_12_2016_14:55:29] {SEVERE} COMMANDSHANDLER - org.telegram.telegrambots.exceptions.TelegramApiValidationException: Text parameter can't be empty in method: SendMessage{chatId='57504570455108960', text='null', parseMode='null', disableWebPagePreview=null, replyToMessageId=null, replyMarkup=InlineKeyboardMarkup{inline_keyboard=[[InlineKeyboardButton{text='ggg', url='null', callbackData='ggg', callbackGame=null, switchInlineQuery='null', switchInlineQueryCurrentChat='null'}, InlineKeyboardButton{text='ppp', url='null', callbackData='ppp', callbackGame=null, switchInlineQuery='null', switchInlineQueryCurrentChat='null'}]]}}
	at org.telegram.telegrambots.api.methods.send.SendMessage.validate(SendMessage.java:176)
	at org.telegram.telegrambots.bots.DefaultAbsSender.sendApiMethod(DefaultAbsSender.java:661)
	at org.telegram.telegrambots.bots.AbsSender.sendMessage(AbsSender.java:66)
	at updateshandlers.CommandsHandler.processNonCommandUpdate(CommandsHandler.java:81)
	at org.telegram.telegrambots.bots.TelegramLongPollingCommandBot.onUpdateReceived(TelegramLongPollingCommandBot.java:63)
	at org.telegram.telegrambots.updatesreceivers.DefaultBotSession$HandlerThread.run(DefaultBotSession.java:241)
[4_12_2016_14:56:35] {SEVERE} COMMANDSHANDLER - org.telegram.telegrambots.exceptions.TelegramApiRequestException: Error sending message: [400] Bad Request: chat not found
	at org.telegram.telegrambots.api.methods.send.SendMessage.deserializeResponse(SendMessage.java:163)
	at org.telegram.telegrambots.api.methods.send.SendMessage.deserializeResponse(SendMessage.java:23)
	at org.telegram.telegrambots.bots.DefaultAbsSender.sendApiMethod(DefaultAbsSender.java:678)
	at org.telegram.telegrambots.bots.AbsSender.sendMessage(AbsSender.java:66)
	at updateshandlers.CommandsHandler.processNonCommandUpdate(CommandsHandler.java:81)
	at org.telegram.telegrambots.bots.TelegramLongPollingCommandBot.onUpdateReceived(TelegramLongPollingCommandBot.java:63)
	at org.telegram.telegrambots.updatesreceivers.DefaultBotSession$HandlerThread.run(DefaultBotSession.java:241)
[4_12_2016_19:34:22] {SEVERE} BOTSESSION - org.telegram.telegrambots.exceptions.TelegramApiRequestException: Error getting updates: [409] Conflict: terminated by other long poll or webhook
	at org.telegram.telegrambots.api.methods.updates.GetUpdates.deserializeResponse(GetUpdates.java:96)
	at org.telegram.telegrambots.updatesreceivers.DefaultBotSession$ReaderThread.run(DefaultBotSession.java:177)
[4_12_2016_19:34:22] {SEVERE} BOTSESSION - org.telegram.telegrambots.exceptions.TelegramApiRequestException: Error getting updates: [409] Conflict: terminated by other long poll or webhook
	at org.telegram.telegrambots.api.methods.updates.GetUpdates.deserializeResponse(GetUpdates.java:96)
	at org.telegram.telegrambots.updatesreceivers.DefaultBotSession$ReaderThread.run(DefaultBotSession.java:177)
[4_12_2016_19:34:23] {SEVERE} BOTSESSION - org.telegram.telegrambots.exceptions.TelegramApiRequestException: Error getting updates: [409] Conflict: terminated by other long poll or webhook
	at org.telegram.telegrambots.api.methods.updates.GetUpdates.deserializeResponse(GetUpdates.java:96)
	at org.telegram.telegrambots.updatesreceivers.DefaultBotSession$ReaderThread.run(DefaultBotSession.java:177)
[4_12_2016_19:34:23] {SEVERE} BOTSESSION - org.telegram.telegrambots.exceptions.TelegramApiRequestException: Error getting updates: [409] Conflict: terminated by other long poll or webhook
	at org.telegram.telegrambots.api.methods.updates.GetUpdates.deserializeResponse(GetUpdates.java:96)
	at org.telegram.telegrambots.updatesreceivers.DefaultBotSession$ReaderThread.run(DefaultBotSession.java:177)
[4_12_2016_19:34:23] {SEVERE} BOTSESSION - org.telegram.telegrambots.exceptions.TelegramApiRequestException: Error getting updates: [409] Conflict: terminated by other long poll or webhook
	at org.telegram.telegrambots.api.methods.updates.GetUpdates.deserializeResponse(GetUpdates.java:96)
	at org.telegram.telegrambots.updatesreceivers.DefaultBotSession$ReaderThread.run(DefaultBotSession.java:177)
[4_12_2016_19:34:23] {SEVERE} BOTSESSION - org.telegram.telegrambots.exceptions.TelegramApiRequestException: Error getting updates: [409] Conflict: terminated by other long poll or webhook
	at org.telegram.telegrambots.api.methods.updates.GetUpdates.deserializeResponse(GetUpdates.java:96)
	at org.telegram.telegrambots.updatesreceivers.DefaultBotSession$ReaderThread.run(DefaultBotSession.java:177)
[4_12_2016_19:34:23] {SEVERE} BOTSESSION - org.telegram.telegrambots.exceptions.TelegramApiRequestException: Error getting updates: [409] Conflict: terminated by other long poll or webhook
	at org.telegram.telegrambots.api.methods.updates.GetUpdates.deserializeResponse(GetUpdates.java:96)
	at org.telegram.telegrambots.updatesreceivers.DefaultBotSession$ReaderThread.run(DefaultBotSession.java:177)
[4_12_2016_19:34:23] {SEVERE} BOTSESSION - org.telegram.telegrambots.exceptions.TelegramApiRequestException: Error getting updates: [409] Conflict: terminated by other long poll or webhook
	at org.telegram.telegrambots.api.methods.updates.GetUpdates.deserializeResponse(GetUpdates.java:96)
	at org.telegram.telegrambots.updatesreceivers.DefaultBotSession$ReaderThread.run(DefaultBotSession.java:177)
[4_12_2016_19:34:23] {SEVERE} BOTSESSION - org.telegram.telegrambots.exceptions.TelegramApiRequestException: Error getting updates: [409] Conflict: terminated by other long poll or webhook
	at org.telegram.telegrambots.api.methods.updates.GetUpdates.deserializeResponse(GetUpdates.java:96)
	at org.telegram.telegrambots.updatesreceivers.DefaultBotSession$ReaderThread.run(DefaultBotSession.java:177)
[4_12_2016_19:34:23] {SEVERE} BOTSESSION - org.telegram.telegrambots.exceptions.TelegramApiRequestException: Error getting updates: [409] Conflict: terminated by other long poll or webhook
	at org.telegram.telegrambots.api.methods.updates.GetUpdates.deserializeResponse(GetUpdates.java:96)
	at org.telegram.telegrambots.updatesreceivers.DefaultBotSession$ReaderThread.run(DefaultBotSession.java:177)
[4_12_2016_19:34:24] {SEVERE} BOTSESSION - org.telegram.telegrambots.exceptions.TelegramApiRequestException: Error getting updates: [409] Conflict: terminated by other long poll or webhook
	at org.telegram.telegrambots.api.methods.updates.GetUpdates.deserializeResponse(GetUpdates.java:96)
	at org.telegram.telegrambots.updatesreceivers.DefaultBotSession$ReaderThread.run(DefaultBotSession.java:177)
[4_12_2016_19:34:24] {SEVERE} BOTSESSION - org.telegram.telegrambots.exceptions.TelegramApiRequestException: Error getting updates: [409] Conflict: terminated by other long poll or webhook
	at org.telegram.telegrambots.api.methods.updates.GetUpdates.deserializeResponse(GetUpdates.java:96)
	at org.telegram.telegrambots.updatesreceivers.DefaultBotSession$ReaderThread.run(DefaultBotSession.java:177)
[4_12_2016_19:34:24] {SEVERE} BOTSESSION - org.telegram.telegrambots.exceptions.TelegramApiRequestException: Error getting updates: [409] Conflict: terminated by other long poll or webhook
	at org.telegram.telegrambots.api.methods.updates.GetUpdates.deserializeResponse(GetUpdates.java:96)
	at org.telegram.telegrambots.updatesreceivers.DefaultBotSession$ReaderThread.run(DefaultBotSession.java:177)
[4_12_2016_19:34:24] {SEVERE} BOTSESSION - org.telegram.telegrambots.exceptions.TelegramApiRequestException: Error getting updates: [409] Conflict: terminated by other long poll or webhook
	at org.telegram.telegrambots.api.methods.updates.GetUpdates.deserializeResponse(GetUpdates.java:96)
	at org.telegram.telegrambots.updatesreceivers.DefaultBotSession$ReaderThread.run(DefaultBotSession.java:177)
[4_12_2016_19:34:24] {SEVERE} BOTSESSION - org.telegram.telegrambots.exceptions.TelegramApiRequestException: Error getting updates: [409] Conflict: terminated by other long poll or webhook
	at org.telegram.telegrambots.api.methods.updates.GetUpdates.deserializeResponse(GetUpdates.java:96)
	at org.telegram.telegrambots.updatesreceivers.DefaultBotSession$ReaderThread.run(DefaultBotSession.java:177)
[4_12_2016_19:34:24] {SEVERE} BOTSESSION - org.telegram.telegrambots.exceptions.TelegramApiRequestException: Error getting updates: [409] Conflict: terminated by other long poll or webhook
	at org.telegram.telegrambots.api.methods.updates.GetUpdates.deserializeResponse(GetUpdates.java:96)
	at org.telegram.telegrambots.updatesreceivers.DefaultBotSession$ReaderThread.run(DefaultBotSession.java:177)
[4_12_2016_19:34:24] {SEVERE} BOTSESSION - org.telegram.telegrambots.exceptions.TelegramApiRequestException: Error getting updates: [409] Conflict: terminated by other long poll or webhook
	at org.telegram.telegrambots.api.methods.updates.GetUpdates.deserializeResponse(GetUpdates.java:96)
	at org.telegram.telegrambots.updatesreceivers.DefaultBotSession$ReaderThread.run(DefaultBotSession.java:177)
[4_12_2016_19:34:24] {SEVERE} BOTSESSION - org.telegram.telegrambots.exceptions.TelegramApiRequestException: Error getting updates: [409] Conflict: terminated by other long poll or webhook
	at org.telegram.telegrambots.api.methods.updates.GetUpdates.deserializeResponse(GetUpdates.java:96)
	at org.telegram.telegrambots.updatesreceivers.DefaultBotSession$ReaderThread.run(DefaultBotSession.java:177)
[4_12_2016_19:34:25] {SEVERE} BOTSESSION - org.telegram.telegrambots.exceptions.TelegramApiRequestException: Error getting updates: [409] Conflict: terminated by other long poll or webhook
	at org.telegram.telegrambots.api.methods.updates.GetUpdates.deserializeResponse(GetUpdates.java:96)
	at org.telegram.telegrambots.updatesreceivers.DefaultBotSession$ReaderThread.run(DefaultBotSession.java:177)
[4_12_2016_19:34:25] {SEVERE} BOTSESSION - org.telegram.telegrambots.exceptions.TelegramApiRequestException: Error getting updates: [409] Conflict: terminated by other long poll or webhook
	at org.telegram.telegrambots.api.methods.updates.GetUpdates.deserializeResponse(GetUpdates.java:96)
	at org.telegram.telegrambots.updatesreceivers.DefaultBotSession$ReaderThread.run(DefaultBotSession.java:177)
[4_12_2016_19:34:25] {SEVERE} BOTSESSION - org.telegram.telegrambots.exceptions.TelegramApiRequestException: Error getting updates: [409] Conflict: terminated by other long poll or webhook
	at org.telegram.telegrambots.api.methods.updates.GetUpdates.deserializeResponse(GetUpdates.java:96)
	at org.telegram.telegrambots.updatesreceivers.DefaultBotSession$ReaderThread.run(DefaultBotSession.java:177)
[4_12_2016_19:34:25] {SEVERE} BOTSESSION - org.telegram.telegrambots.exceptions.TelegramApiRequestException: Error getting updates: [409] Conflict: terminated by other long poll or webhook
	at org.telegram.telegrambots.api.methods.updates.GetUpdates.deserializeResponse(GetUpdates.java:96)
	at org.telegram.telegrambots.updatesreceivers.DefaultBotSession$ReaderThread.run(DefaultBotSession.java:177)
[4_12_2016_19:34:25] {SEVERE} BOTSESSION - org.telegram.telegrambots.exceptions.TelegramApiRequestException: Error getting updates: [409] Conflict: terminated by other long poll or webhook
	at org.telegram.telegrambots.api.methods.updates.GetUpdates.deserializeResponse(GetUpdates.java:96)
	at org.telegram.telegrambots.updatesreceivers.DefaultBotSession$ReaderThread.run(DefaultBotSession.java:177)
[4_12_2016_19:34:25] {SEVERE} BOTSESSION - org.telegram.telegrambots.exceptions.TelegramApiRequestException: Error getting updates: [409] Conflict: terminated by other long poll or webhook
	at org.telegram.telegrambots.api.methods.updates.GetUpdates.deserializeResponse(GetUpdates.java:96)
	at org.telegram.telegrambots.updatesreceivers.DefaultBotSession$ReaderThread.run(DefaultBotSession.java:177)
[4_12_2016_19:34:25] {SEVERE} BOTSESSION - org.telegram.telegrambots.exceptions.TelegramApiRequestException: Error getting updates: [409] Conflict: terminated by other long poll or webhook
	at org.telegram.telegrambots.api.methods.updates.GetUpdates.deserializeResponse(GetUpdates.java:96)
	at org.telegram.telegrambots.updatesreceivers.DefaultBotSession$ReaderThread.run(DefaultBotSession.java:177)
[4_12_2016_19:34:26] {SEVERE} BOTSESSION - org.telegram.telegrambots.exceptions.TelegramApiRequestException: Error getting updates: [409] Conflict: terminated by other long poll or webhook
	at org.telegram.telegrambots.api.methods.updates.GetUpdates.deserializeResponse(GetUpdates.java:96)
	at org.telegram.telegrambots.updatesreceivers.DefaultBotSession$ReaderThread.run(DefaultBotSession.java:177)
[4_12_2016_19:34:26] {SEVERE} BOTSESSION - org.telegram.telegrambots.exceptions.TelegramApiRequestException: Error getting updates: [409] Conflict: terminated by other long poll or webhook
	at org.telegram.telegrambots.api.methods.updates.GetUpdates.deserializeResponse(GetUpdates.java:96)
	at org.telegram.telegrambots.updatesreceivers.DefaultBotSession$ReaderThread.run(DefaultBotSession.java:177)
[4_12_2016_19:34:26] {SEVERE} BOTSESSION - org.telegram.telegrambots.exceptions.TelegramApiRequestException: Error getting updates: [409] Conflict: terminated by other long poll or webhook
	at org.telegram.telegrambots.api.methods.updates.GetUpdates.deserializeResponse(GetUpdates.java:96)
	at org.telegram.telegrambots.updatesreceivers.DefaultBotSession$ReaderThread.run(DefaultBotSession.java:177)
[4_12_2016_19:34:26] {SEVERE} BOTSESSION - org.telegram.telegrambots.exceptions.TelegramApiRequestException: Error getting updates: [409] Conflict: terminated by other long poll or webhook
	at org.telegram.telegrambots.api.methods.updates.GetUpdates.deserializeResponse(GetUpdates.java:96)
	at org.telegram.telegrambots.updatesreceivers.DefaultBotSession$ReaderThread.run(DefaultBotSession.java:177)
[4_12_2016_19:34:26] {SEVERE} BOTSESSION - org.telegram.telegrambots.exceptions.TelegramApiRequestException: Error getting updates: [409] Conflict: terminated by other long poll or webhook
	at org.telegram.telegrambots.api.methods.updates.GetUpdates.deserializeResponse(GetUpdates.java:96)
	at org.telegram.telegrambots.updatesreceivers.DefaultBotSession$ReaderThread.run(DefaultBotSession.java:177)
[4_12_2016_19:34:26] {SEVERE} BOTSESSION - org.telegram.telegrambots.exceptions.TelegramApiRequestException: Error getting updates: [409] Conflict: terminated by other long poll or webhook
	at org.telegram.telegrambots.api.methods.updates.GetUpdates.deserializeResponse(GetUpdates.java:96)
	at org.telegram.telegrambots.updatesreceivers.DefaultBotSession$ReaderThread.run(DefaultBotSession.java:177)
[4_12_2016_19:34:26] {SEVERE} BOTSESSION - org.telegram.telegrambots.exceptions.TelegramApiRequestException: Error getting updates: [409] Conflict: terminated by other long poll or webhook
	at org.telegram.telegrambots.api.methods.updates.GetUpdates.deserializeResponse(GetUpdates.java:96)
	at org.telegram.telegrambots.updatesreceivers.DefaultBotSession$ReaderThread.run(DefaultBotSession.java:177)
[4_12_2016_19:34:26] {SEVERE} BOTSESSION - org.telegram.telegrambots.exceptions.TelegramApiRequestException: Error getting updates: [409] Conflict: terminated by other long poll or webhook
	at org.telegram.telegrambots.api.methods.updates.GetUpdates.deserializeResponse(GetUpdates.java:96)
	at org.telegram.telegrambots.updatesreceivers.DefaultBotSession$ReaderThread.run(DefaultBotSession.java:177)
[4_12_2016_19:34:27] {SEVERE} BOTSESSION - org.telegram.telegrambots.exceptions.TelegramApiRequestException: Error getting updates: [409] Conflict: terminated by other long poll or webhook
	at org.telegram.telegrambots.api.methods.updates.GetUpdates.deserializeResponse(GetUpdates.java:96)
	at org.telegram.telegrambots.updatesreceivers.DefaultBotSession$ReaderThread.run(DefaultBotSession.java:177)
[4_12_2016_19:34:27] {SEVERE} BOTSESSION - org.telegram.telegrambots.exceptions.TelegramApiRequestException: Error getting updates: [409] Conflict: terminated by other long poll or webhook
	at org.telegram.telegrambots.api.methods.updates.GetUpdates.deserializeResponse(GetUpdates.java:96)
	at org.telegram.telegrambots.updatesreceivers.DefaultBotSession$ReaderThread.run(DefaultBotSession.java:177)
[4_12_2016_19:34:27] {SEVERE} BOTSESSION - org.telegram.telegrambots.exceptions.TelegramApiRequestException: Error getting updates: [409] Conflict: terminated by other long poll or webhook
	at org.telegram.telegrambots.api.methods.updates.GetUpdates.deserializeResponse(GetUpdates.java:96)
	at org.telegram.telegrambots.updatesreceivers.DefaultBotSession$ReaderThread.run(DefaultBotSession.java:177)
[4_12_2016_19:34:27] {SEVERE} BOTSESSION - org.telegram.telegrambots.exceptions.TelegramApiRequestException: Error getting updates: [409] Conflict: terminated by other long poll or webhook
	at org.telegram.telegrambots.api.methods.updates.GetUpdates.deserializeResponse(GetUpdates.java:96)
	at org.telegram.telegrambots.updatesreceivers.DefaultBotSession$ReaderThread.run(DefaultBotSession.java:177)
[4_12_2016_19:34:27] {SEVERE} BOTSESSION - org.telegram.telegrambots.exceptions.TelegramApiRequestException: Error getting updates: [409] Conflict: terminated by other long poll or webhook
	at org.telegram.telegrambots.api.methods.updates.GetUpdates.deserializeResponse(GetUpdates.java:96)
	at org.telegram.telegrambots.updatesreceivers.DefaultBotSession$ReaderThread.run(DefaultBotSession.java:177)
[4_12_2016_19:34:27] {SEVERE} BOTSESSION - org.telegram.telegrambots.exceptions.TelegramApiRequestException: Error getting updates: [409] Conflict: terminated by other long poll or webhook
	at org.telegram.telegrambots.api.methods.updates.GetUpdates.deserializeResponse(GetUpdates.java:96)
	at org.telegram.telegrambots.updatesreceivers.DefaultBotSession$ReaderThread.run(DefaultBotSession.java:177)
[4_12_2016_19:34:27] {SEVERE} BOTSESSION - org.telegram.telegrambots.exceptions.TelegramApiRequestException: Error getting updates: [409] Conflict: terminated by other long poll or webhook
	at org.telegram.telegrambots.api.methods.updates.GetUpdates.deserializeResponse(GetUpdates.java:96)
	at org.telegram.telegrambots.updatesreceivers.DefaultBotSession$ReaderThread.run(DefaultBotSession.java:177)
[4_12_2016_19:34:27] {SEVERE} BOTSESSION - org.telegram.telegrambots.exceptions.TelegramApiRequestException: Error getting updates: [409] Conflict: terminated by other long poll or webhook
	at org.telegram.telegrambots.api.methods.updates.GetUpdates.deserializeResponse(GetUpdates.java:96)
	at org.telegram.telegrambots.updatesreceivers.DefaultBotSession$ReaderThread.run(DefaultBotSession.java:177)
[4_12_2016_19:34:28] {SEVERE} BOTSESSION - org.telegram.telegrambots.exceptions.TelegramApiRequestException: Error getting updates: [409] Conflict: terminated by other long poll or webhook
	at org.telegram.telegrambots.api.methods.updates.GetUpdates.deserializeResponse(GetUpdates.java:96)
	at org.telegram.telegrambots.updatesreceivers.DefaultBotSession$ReaderThread.run(DefaultBotSession.java:177)
[4_12_2016_19:34:28] {SEVERE} BOTSESSION - org.telegram.telegrambots.exceptions.TelegramApiRequestException: Error getting updates: [409] Conflict: terminated by other long poll or webhook
	at org.telegram.telegrambots.api.methods.updates.GetUpdates.deserializeResponse(GetUpdates.java:96)
	at org.telegram.telegrambots.updatesreceivers.DefaultBotSession$ReaderThread.run(DefaultBotSession.java:177)
[4_12_2016_19:34:28] {SEVERE} BOTSESSION - org.telegram.telegrambots.exceptions.TelegramApiRequestException: Error getting updates: [409] Conflict: terminated by other long poll or webhook
	at org.telegram.telegrambots.api.methods.updates.GetUpdates.deserializeResponse(GetUpdates.java:96)
	at org.telegram.telegrambots.updatesreceivers.DefaultBotSession$ReaderThread.run(DefaultBotSession.java:177)
[4_12_2016_19:34:28] {SEVERE} BOTSESSION - org.telegram.telegrambots.exceptions.TelegramApiRequestException: Error getting updates: [409] Conflict: terminated by other long poll or webhook
	at org.telegram.telegrambots.api.methods.updates.GetUpdates.deserializeResponse(GetUpdates.java:96)
	at org.telegram.telegrambots.updatesreceivers.DefaultBotSession$ReaderThread.run(DefaultBotSession.java:177)
[4_12_2016_19:34:28] {SEVERE} BOTSESSION - org.telegram.telegrambots.exceptions.TelegramApiRequestException: Error getting updates: [409] Conflict: terminated by other long poll or webhook
	at org.telegram.telegrambots.api.methods.updates.GetUpdates.deserializeResponse(GetUpdates.java:96)
	at org.telegram.telegrambots.updatesreceivers.DefaultBotSession$ReaderThread.run(DefaultBotSession.java:177)
[4_12_2016_19:34:28] {SEVERE} BOTSESSION - org.telegram.telegrambots.exceptions.TelegramApiRequestException: Error getting updates: [409] Conflict: terminated by other long poll or webhook
	at org.telegram.telegrambots.api.methods.updates.GetUpdates.deserializeResponse(GetUpdates.java:96)
	at org.telegram.telegrambots.updatesreceivers.DefaultBotSession$ReaderThread.run(DefaultBotSession.java:177)
[4_12_2016_19:34:28] {SEVERE} BOTSESSION - org.telegram.telegrambots.exceptions.TelegramApiRequestException: Error getting updates: [409] Conflict: terminated by other long poll or webhook
	at org.telegram.telegrambots.api.methods.updates.GetUpdates.deserializeResponse(GetUpdates.java:96)
	at org.telegram.telegrambots.updatesreceivers.DefaultBotSession$ReaderThread.run(DefaultBotSession.java:177)
[4_12_2016_19:34:28] {SEVERE} BOTSESSION - org.telegram.telegrambots.exceptions.TelegramApiRequestException: Error getting updates: [409] Conflict: terminated by other long poll or webhook
	at org.telegram.telegrambots.api.methods.updates.GetUpdates.deserializeResponse(GetUpdates.java:96)
	at org.telegram.telegrambots.updatesreceivers.DefaultBotSession$ReaderThread.run(DefaultBotSession.java:177)
[4_12_2016_19:34:29] {SEVERE} BOTSESSION - org.telegram.telegrambots.exceptions.TelegramApiRequestException: Error getting updates: [409] Conflict: terminated by other long poll or webhook
	at org.telegram.telegrambots.api.methods.updates.GetUpdates.deserializeResponse(GetUpdates.java:96)
	at org.telegram.telegrambots.updatesreceivers.DefaultBotSession$ReaderThread.run(DefaultBotSession.java:177)
[4_12_2016_19:34:29] {SEVERE} BOTSESSION - org.telegram.telegrambots.exceptions.TelegramApiRequestException: Error getting updates: [409] Conflict: terminated by other long poll or webhook
	at org.telegram.telegrambots.api.methods.updates.GetUpdates.deserializeResponse(GetUpdates.java:96)
	at org.telegram.telegrambots.updatesreceivers.DefaultBotSession$ReaderThread.run(DefaultBotSession.java:177)
[4_12_2016_19:34:29] {SEVERE} BOTSESSION - org.telegram.telegrambots.exceptions.TelegramApiRequestException: Error getting updates: [409] Conflict: terminated by other long poll or webhook
	at org.telegram.telegrambots.api.methods.updates.GetUpdates.deserializeResponse(GetUpdates.java:96)
	at org.telegram.telegrambots.updatesreceivers.DefaultBotSession$ReaderThread.run(DefaultBotSession.java:177)
[4_12_2016_19:34:29] {SEVERE} BOTSESSION - org.telegram.telegrambots.exceptions.TelegramApiRequestException: Error getting updates: [409] Conflict: terminated by other long poll or webhook
	at org.telegram.telegrambots.api.methods.updates.GetUpdates.deserializeResponse(GetUpdates.java:96)
	at org.telegram.telegrambots.updatesreceivers.DefaultBotSession$ReaderThread.run(DefaultBotSession.java:177)
[4_12_2016_19:34:29] {SEVERE} BOTSESSION - org.telegram.telegrambots.exceptions.TelegramApiRequestException: Error getting updates: [409] Conflict: terminated by other long poll or webhook
	at org.telegram.telegrambots.api.methods.updates.GetUpdates.deserializeResponse(GetUpdates.java:96)
	at org.telegram.telegrambots.updatesreceivers.DefaultBotSession$ReaderThread.run(DefaultBotSession.java:177)
[4_12_2016_19:34:29] {SEVERE} BOTSESSION - org.telegram.telegrambots.exceptions.TelegramApiRequestException: Error getting updates: [409] Conflict: terminated by other long poll or webhook
	at org.telegram.telegrambots.api.methods.updates.GetUpdates.deserializeResponse(GetUpdates.java:96)
	at org.telegram.telegrambots.updatesreceivers.DefaultBotSession$ReaderThread.run(DefaultBotSession.java:177)
[4_12_2016_19:34:29] {SEVERE} BOTSESSION - org.telegram.telegrambots.exceptions.TelegramApiRequestException: Error getting updates: [409] Conflict: terminated by other long poll or webhook
	at org.telegram.telegrambots.api.methods.updates.GetUpdates.deserializeResponse(GetUpdates.java:96)
	at org.telegram.telegrambots.updatesreceivers.DefaultBotSession$ReaderThread.run(DefaultBotSession.java:177)
[4_12_2016_19:34:29] {SEVERE} BOTSESSION - org.telegram.telegrambots.exceptions.TelegramApiRequestException: Error getting updates: [409] Conflict: terminated by other long poll or webhook
	at org.telegram.telegrambots.api.methods.updates.GetUpdates.deserializeResponse(GetUpdates.java:96)
	at org.telegram.telegrambots.updatesreceivers.DefaultBotSession$ReaderThread.run(DefaultBotSession.java:177)
[4_12_2016_19:34:30] {SEVERE} BOTSESSION - org.telegram.telegrambots.exceptions.TelegramApiRequestException: Error getting updates: [409] Conflict: terminated by other long poll or webhook
	at org.telegram.telegrambots.api.methods.updates.GetUpdates.deserializeResponse(GetUpdates.java:96)
	at org.telegram.telegrambots.updatesreceivers.DefaultBotSession$ReaderThread.run(DefaultBotSession.java:177)
[4_12_2016_19:34:30] {SEVERE} BOTSESSION - org.telegram.telegrambots.exceptions.TelegramApiRequestException: Error getting updates: [409] Conflict: terminated by other long poll or webhook
	at org.telegram.telegrambots.api.methods.updates.GetUpdates.deserializeResponse(GetUpdates.java:96)
	at org.telegram.telegrambots.updatesreceivers.DefaultBotSession$ReaderThread.run(DefaultBotSession.java:177)
[4_12_2016_19:34:30] {SEVERE} BOTSESSION - org.telegram.telegrambots.exceptions.TelegramApiRequestException: Error getting updates: [409] Conflict: terminated by other long poll or webhook
	at org.telegram.telegrambots.api.methods.updates.GetUpdates.deserializeResponse(GetUpdates.java:96)
	at org.telegram.telegrambots.updatesreceivers.DefaultBotSession$ReaderThread.run(DefaultBotSession.java:177)
[4_12_2016_19:34:30] {SEVERE} BOTSESSION - org.telegram.telegrambots.exceptions.TelegramApiRequestException: Error getting updates: [409] Conflict: terminated by other long poll or webhook
	at org.telegram.telegrambots.api.methods.updates.GetUpdates.deserializeResponse(GetUpdates.java:96)
	at org.telegram.telegrambots.updatesreceivers.DefaultBotSession$ReaderThread.run(DefaultBotSession.java:177)
[4_12_2016_19:34:30] {SEVERE} BOTSESSION - org.telegram.telegrambots.exceptions.TelegramApiRequestException: Error getting updates: [409] Conflict: terminated by other long poll or webhook
	at org.telegram.telegrambots.api.methods.updates.GetUpdates.deserializeResponse(GetUpdates.java:96)
	at org.telegram.telegrambots.updatesreceivers.DefaultBotSession$ReaderThread.run(DefaultBotSession.java:177)
[4_12_2016_19:34:30] {SEVERE} BOTSESSION - org.telegram.telegrambots.exceptions.TelegramApiRequestException: Error getting updates: [409] Conflict: terminated by other long poll or webhook
	at org.telegram.telegrambots.api.methods.updates.GetUpdates.deserializeResponse(GetUpdates.java:96)
	at org.telegram.telegrambots.updatesreceivers.DefaultBotSession$ReaderThread.run(DefaultBotSession.java:177)
[4_12_2016_19:34:30] {SEVERE} BOTSESSION - org.telegram.telegrambots.exceptions.TelegramApiRequestException: Error getting updates: [409] Conflict: terminated by other long poll or webhook
	at org.telegram.telegrambots.api.methods.updates.GetUpdates.deserializeResponse(GetUpdates.java:96)
	at org.telegram.telegrambots.updatesreceivers.DefaultBotSession$ReaderThread.run(DefaultBotSession.java:177)
[4_12_2016_19:34:30] {SEVERE} BOTSESSION - org.telegram.telegrambots.exceptions.TelegramApiRequestException: Error getting updates: [409] Conflict: terminated by other long poll or webhook
	at org.telegram.telegrambots.api.methods.updates.GetUpdates.deserializeResponse(GetUpdates.java:96)
	at org.telegram.telegrambots.updatesreceivers.DefaultBotSession$ReaderThread.run(DefaultBotSession.java:177)
[4_12_2016_19:34:31] {SEVERE} BOTSESSION - org.telegram.telegrambots.exceptions.TelegramApiRequestException: Error getting updates: [409] Conflict: terminated by other long poll or webhook
	at org.telegram.telegrambots.api.methods.updates.GetUpdates.deserializeResponse(GetUpdates.java:96)
	at org.telegram.telegrambots.updatesreceivers.DefaultBotSession$ReaderThread.run(DefaultBotSession.java:177)
[4_12_2016_19:34:31] {SEVERE} BOTSESSION - org.telegram.telegrambots.exceptions.TelegramApiRequestException: Error getting updates: [409] Conflict: terminated by other long poll or webhook
	at org.telegram.telegrambots.api.methods.updates.GetUpdates.deserializeResponse(GetUpdates.java:96)
	at org.telegram.telegrambots.updatesreceivers.DefaultBotSession$ReaderThread.run(DefaultBotSession.java:177)
[4_12_2016_19:34:31] {SEVERE} BOTSESSION - org.telegram.telegrambots.exceptions.TelegramApiRequestException: Error getting updates: [409] Conflict: terminated by other long poll or webhook
	at org.telegram.telegrambots.api.methods.updates.GetUpdates.deserializeResponse(GetUpdates.java:96)
	at org.telegram.telegrambots.updatesreceivers.DefaultBotSession$ReaderThread.run(DefaultBotSession.java:177)
[4_12_2016_19:34:31] {SEVERE} BOTSESSION - org.telegram.telegrambots.exceptions.TelegramApiRequestException: Error getting updates: [409] Conflict: terminated by other long poll or webhook
	at org.telegram.telegrambots.api.methods.updates.GetUpdates.deserializeResponse(GetUpdates.java:96)
	at org.telegram.telegrambots.updatesreceivers.DefaultBotSession$ReaderThread.run(DefaultBotSession.java:177)
[4_12_2016_19:34:31] {SEVERE} BOTSESSION - org.telegram.telegrambots.exceptions.TelegramApiRequestException: Error getting updates: [409] Conflict: terminated by other long poll or webhook
	at org.telegram.telegrambots.api.methods.updates.GetUpdates.deserializeResponse(GetUpdates.java:96)
	at org.telegram.telegrambots.updatesreceivers.DefaultBotSession$ReaderThread.run(DefaultBotSession.java:177)
[4_12_2016_19:34:31] {SEVERE} BOTSESSION - org.telegram.telegrambots.exceptions.TelegramApiRequestException: Error getting updates: [409] Conflict: terminated by other long poll or webhook
	at org.telegram.telegrambots.api.methods.updates.GetUpdates.deserializeResponse(GetUpdates.java:96)
	at org.telegram.telegrambots.updatesreceivers.DefaultBotSession$ReaderThread.run(DefaultBotSession.java:177)
[4_12_2016_19:34:31] {SEVERE} BOTSESSION - org.telegram.telegrambots.exceptions.TelegramApiRequestException: Error getting updates: [409] Conflict: terminated by other long poll or webhook
	at org.telegram.telegrambots.api.methods.updates.GetUpdates.deserializeResponse(GetUpdates.java:96)
	at org.telegram.telegrambots.updatesreceivers.DefaultBotSession$ReaderThread.run(DefaultBotSession.java:177)
[4_12_2016_19:34:31] {SEVERE} BOTSESSION - org.telegram.telegrambots.exceptions.TelegramApiRequestException: Error getting updates: [409] Conflict: terminated by other long poll or webhook
	at org.telegram.telegrambots.api.methods.updates.GetUpdates.deserializeResponse(GetUpdates.java:96)
	at org.telegram.telegrambots.updatesreceivers.DefaultBotSession$ReaderThread.run(DefaultBotSession.java:177)
[4_12_2016_19:34:32] {SEVERE} BOTSESSION - org.telegram.telegrambots.exceptions.TelegramApiRequestException: Error getting updates: [409] Conflict: terminated by other long poll or webhook
	at org.telegram.telegrambots.api.methods.updates.GetUpdates.deserializeResponse(GetUpdates.java:96)
	at org.telegram.telegrambots.updatesreceivers.DefaultBotSession$ReaderThread.run(DefaultBotSession.java:177)
[4_12_2016_19:34:32] {SEVERE} BOTSESSION - org.telegram.telegrambots.exceptions.TelegramApiRequestException: Error getting updates: [409] Conflict: terminated by other long poll or webhook
	at org.telegram.telegrambots.api.methods.updates.GetUpdates.deserializeResponse(GetUpdates.java:96)
	at org.telegram.telegrambots.updatesreceivers.DefaultBotSession$ReaderThread.run(DefaultBotSession.java:177)
[4_12_2016_19:34:32] {SEVERE} BOTSESSION - org.telegram.telegrambots.exceptions.TelegramApiRequestException: Error getting updates: [409] Conflict: terminated by other long poll or webhook
	at org.telegram.telegrambots.api.methods.updates.GetUpdates.deserializeResponse(GetUpdates.java:96)
	at org.telegram.telegrambots.updatesreceivers.DefaultBotSession$ReaderThread.run(DefaultBotSession.java:177)
[4_12_2016_19:34:32] {SEVERE} BOTSESSION - org.telegram.telegrambots.exceptions.TelegramApiRequestException: Error getting updates: [409] Conflict: terminated by other long poll or webhook
	at org.telegram.telegrambots.api.methods.updates.GetUpdates.deserializeResponse(GetUpdates.java:96)
	at org.telegram.telegrambots.updatesreceivers.DefaultBotSession$ReaderThread.run(DefaultBotSession.java:177)
[4_12_2016_19:34:32] {SEVERE} BOTSESSION - org.telegram.telegrambots.exceptions.TelegramApiRequestException: Error getting updates: [409] Conflict: terminated by other long poll or webhook
	at org.telegram.telegrambots.api.methods.updates.GetUpdates.deserializeResponse(GetUpdates.java:96)
	at org.telegram.telegrambots.updatesreceivers.DefaultBotSession$ReaderThread.run(DefaultBotSession.java:177)
[4_12_2016_19:34:32] {SEVERE} BOTSESSION - org.telegram.telegrambots.exceptions.TelegramApiRequestException: Error getting updates: [409] Conflict: terminated by other long poll or webhook
	at org.telegram.telegrambots.api.methods.updates.GetUpdates.deserializeResponse(GetUpdates.java:96)
	at org.telegram.telegrambots.updatesreceivers.DefaultBotSession$ReaderThread.run(DefaultBotSession.java:177)
[4_12_2016_19:34:32] {SEVERE} BOTSESSION - org.telegram.telegrambots.exceptions.TelegramApiRequestException: Error getting updates: [409] Conflict: terminated by other long poll or webhook
	at org.telegram.telegrambots.api.methods.updates.GetUpdates.deserializeResponse(GetUpdates.java:96)
	at org.telegram.telegrambots.updatesreceivers.DefaultBotSession$ReaderThread.run(DefaultBotSession.java:177)
[4_12_2016_19:34:32] {SEVERE} BOTSESSION - org.telegram.telegrambots.exceptions.TelegramApiRequestException: Error getting updates: [409] Conflict: terminated by other long poll or webhook
	at org.telegram.telegrambots.api.methods.updates.GetUpdates.deserializeResponse(GetUpdates.java:96)
	at org.telegram.telegrambots.updatesreceivers.DefaultBotSession$ReaderThread.run(DefaultBotSession.java:177)
[4_12_2016_19:34:33] {SEVERE} BOTSESSION - org.telegram.telegrambots.exceptions.TelegramApiRequestException: Error getting updates: [409] Conflict: terminated by other long poll or webhook
	at org.telegram.telegrambots.api.methods.updates.GetUpdates.deserializeResponse(GetUpdates.java:96)
	at org.telegram.telegrambots.updatesreceivers.DefaultBotSession$ReaderThread.run(DefaultBotSession.java:177)
[4_12_2016_19:34:33] {SEVERE} BOTSESSION - org.telegram.telegrambots.exceptions.TelegramApiRequestException: Error getting updates: [409] Conflict: terminated by other long poll or webhook
	at org.telegram.telegrambots.api.methods.updates.GetUpdates.deserializeResponse(GetUpdates.java:96)
	at org.telegram.telegrambots.updatesreceivers.DefaultBotSession$ReaderThread.run(DefaultBotSession.java:177)
[4_12_2016_19:34:33] {SEVERE} BOTSESSION - org.telegram.telegrambots.exceptions.TelegramApiRequestException: Error getting updates: [409] Conflict: terminated by other long poll or webhook
	at org.telegram.telegrambots.api.methods.updates.GetUpdates.deserializeResponse(GetUpdates.java:96)
	at org.telegram.telegrambots.updatesreceivers.DefaultBotSession$ReaderThread.run(DefaultBotSession.java:177)
[4_12_2016_19:34:33] {SEVERE} BOTSESSION - org.telegram.telegrambots.exceptions.TelegramApiRequestException: Error getting updates: [409] Conflict: terminated by other long poll or webhook
	at org.telegram.telegrambots.api.methods.updates.GetUpdates.deserializeResponse(GetUpdates.java:96)
	at org.telegram.telegrambots.updatesreceivers.DefaultBotSession$ReaderThread.run(DefaultBotSession.java:177)
[4_12_2016_19:34:33] {SEVERE} BOTSESSION - org.telegram.telegrambots.exceptions.TelegramApiRequestException: Error getting updates: [409] Conflict: terminated by other long poll or webhook
	at org.telegram.telegrambots.api.methods.updates.GetUpdates.deserializeResponse(GetUpdates.java:96)
	at org.telegram.telegrambots.updatesreceivers.DefaultBotSession$ReaderThread.run(DefaultBotSession.java:177)
[4_12_2016_19:34:33] {SEVERE} BOTSESSION - org.telegram.telegrambots.exceptions.TelegramApiRequestException: Error getting updates: [409] Conflict: terminated by other long poll or webhook
	at org.telegram.telegrambots.api.methods.updates.GetUpdates.deserializeResponse(GetUpdates.java:96)
	at org.telegram.telegrambots.updatesreceivers.DefaultBotSession$ReaderThread.run(DefaultBotSession.java:177)
[4_12_2016_19:34:33] {SEVERE} BOTSESSION - org.telegram.telegrambots.exceptions.TelegramApiRequestException: Error getting updates: [409] Conflict: terminated by other long poll or webhook
	at org.telegram.telegrambots.api.methods.updates.GetUpdates.deserializeResponse(GetUpdates.java:96)
	at org.telegram.telegrambots.updatesreceivers.DefaultBotSession$ReaderThread.run(DefaultBotSession.java:177)
[4_12_2016_19:39:25] {SEVERE} COMMANDSHANDLER - org.telegram.telegrambots.exceptions.TelegramApiRequestException: Error sending message: [400] Bad Request: chat not found
	at org.telegram.telegrambots.api.methods.send.SendMessage.deserializeResponse(SendMessage.java:163)
	at org.telegram.telegrambots.api.methods.send.SendMessage.deserializeResponse(SendMessage.java:23)
	at org.telegram.telegrambots.bots.DefaultAbsSender.sendApiMethod(DefaultAbsSender.java:678)
	at org.telegram.telegrambots.bots.AbsSender.sendMessage(AbsSender.java:66)
	at updateshandlers.CommandsHandler.processNonCommandUpdate(CommandsHandler.java:84)
	at org.telegram.telegrambots.bots.TelegramLongPollingCommandBot.onUpdateReceived(TelegramLongPollingCommandBot.java:63)
	at org.telegram.telegrambots.updatesreceivers.DefaultBotSession$HandlerThread.run(DefaultBotSession.java:241)
[4_12_2016_19:45:16] {SEVERE} BOTSESSION - java.lang.NullPointerException
	at updateshandlers.ElPuigBotHandler.onUpdateReceived(ElPuigBotHandler.java:16)
	at updateshandlers.CommandsHandler.processNonCommandUpdate(CommandsHandler.java:83)
	at org.telegram.telegrambots.bots.TelegramLongPollingCommandBot.onUpdateReceived(TelegramLongPollingCommandBot.java:63)
	at org.telegram.telegrambots.updatesreceivers.DefaultBotSession$HandlerThread.run(DefaultBotSession.java:241)
[4_12_2016_19:48:50] {SEVERE} BOTSESSION - java.lang.NullPointerException
	at updateshandlers.ElPuigBotHandler.onUpdateReceived(ElPuigBotHandler.java:16)
	at updateshandlers.CommandsHandler.processNonCommandUpdate(CommandsHandler.java:83)
	at org.telegram.telegrambots.bots.TelegramLongPollingCommandBot.onUpdateReceived(TelegramLongPollingCommandBot.java:63)
	at org.telegram.telegrambots.updatesreceivers.DefaultBotSession$HandlerThread.run(DefaultBotSession.java:241)
[9_12_2016_16:26:46] {SEVERE} BOTSESSION - java.lang.NullPointerException
	at org.telegram.telegrambots.updatesreceivers.DefaultBotSession$ReaderThread.run(DefaultBotSession.java:172)
[9_12_2016_16:35:23] {SEVERE} BOTSESSION - java.lang.NullPointerException
	at updateshandlers.CommandsHandler.processNonCommandUpdate(CommandsHandler.java:79)
	at org.telegram.telegrambots.bots.TelegramLongPollingCommandBot.onUpdateReceived(TelegramLongPollingCommandBot.java:63)
	at org.telegram.telegrambots.updatesreceivers.DefaultBotSession$HandlerThread.run(DefaultBotSession.java:241)
[9_12_2016_16:35:42] {SEVERE} BOTSESSION - java.lang.NullPointerException
	at updateshandlers.CommandsHandler.processNonCommandUpdate(CommandsHandler.java:79)
	at org.telegram.telegrambots.bots.TelegramLongPollingCommandBot.onUpdateReceived(TelegramLongPollingCommandBot.java:63)
	at org.telegram.telegrambots.updatesreceivers.DefaultBotSession$HandlerThread.run(DefaultBotSession.java:241)
[9_12_2016_16:40:47] {SEVERE} BOTSESSION - java.lang.NullPointerException
	at updateshandlers.CommandsHandler.processNonCommandUpdate(CommandsHandler.java:80)
	at org.telegram.telegrambots.bots.TelegramLongPollingCommandBot.onUpdateReceived(TelegramLongPollingCommandBot.java:63)
	at org.telegram.telegrambots.updatesreceivers.DefaultBotSession$HandlerThread.run(DefaultBotSession.java:241)
[9_12_2016_16:42:56] {SEVERE} BOTSESSION - java.lang.NullPointerException
	at updateshandlers.ElPuigBotHandler.onUpdateReceived(ElPuigBotHandler.java:16)
	at org.telegram.telegrambots.updatesreceivers.DefaultBotSession$HandlerThread.run(DefaultBotSession.java:241)
[9_12_2016_16:42:56] {SEVERE} BOTSESSION - java.lang.NullPointerException
	at updateshandlers.ElPuigBotHandler.onUpdateReceived(ElPuigBotHandler.java:16)
	at org.telegram.telegrambots.updatesreceivers.DefaultBotSession$HandlerThread.run(DefaultBotSession.java:241)
[9_12_2016_16:58:32] {SEVERE} BOTSESSION - java.lang.NullPointerException
	at org.telegram.telegrambots.updatesreceivers.DefaultBotSession$ReaderThread.run(DefaultBotSession.java:172)
[9_12_2016_17:46:52] {SEVERE} BOTSESSION - java.lang.NullPointerException
	at org.telegram.telegrambots.updatesreceivers.DefaultBotSession$ReaderThread.run(DefaultBotSession.java:172)
[9_12_2016_23:1:0] {SEVERE} BOTSESSION - java.lang.NullPointerException
	at org.telegram.telegrambots.updatesreceivers.DefaultBotSession$ReaderThread.run(DefaultBotSession.java:172)
[9_12_2016_23:13:24] {SEVERE} BOTSESSION - java.lang.NullPointerException
	at org.telegram.telegrambots.updatesreceivers.DefaultBotSession$ReaderThread.run(DefaultBotSession.java:172)
